<?xml version="1.0" encoding="UTF-8"?>
<testsuite name="StorageTest" tests="1" skipped="0" failures="0" errors="0" timestamp="2022-07-09T13:38:37" hostname="DESKTOP-AFTPRPB" time="3.002">
  <properties/>
  <testcase name="newTest" classname="StorageTest" time="3.002"/>
  <system-out><![CDATA[]]></system-out>
  <system-err><![CDATA[]]></system-err>
</testsuite>
